0 info it worked if it ends with ok
1 verbose cli [ 'C:\\Program Files\\nodejs\\node.exe',
1 verbose cli   'C:\\Program Files\\nodejs\\node_modules\\npm\\bin\\npm-cli.js',
1 verbose cli   'run',
1 verbose cli   'starter' ]
2 info using npm@6.9.0
3 info using node@v10.16.3
4 verbose stack Error: Failed to parse json
4 verbose stack Unexpected string in JSON at position 239 while parsing '{
4 verbose stack     "name": "react-try",
4 verbose stack     "versio'
4 verbose stack     at parseError (C:\Program Files\nodejs\node_modules\npm\node_modules\read-package-json\read-json.js:452:11)
4 verbose stack     at parseJson (C:\Program Files\nodejs\node_modules\npm\node_modules\read-package-json\read-json.js:104:26)
4 verbose stack     at C:\Program Files\nodejs\node_modules\npm\node_modules\read-package-json\read-json.js:51:5
4 verbose stack     at C:\Program Files\nodejs\node_modules\npm\node_modules\graceful-fs\graceful-fs.js:90:16
4 verbose stack     at FSReqWrap.readFileAfterClose [as oncomplete] (internal/fs/read_file_context.js:53:3)
5 verbose cwd C:\Users\IT admin\Documents\apps\graphql-playground
6 verbose Windows_NT 10.0.18362
7 verbose argv "C:\\Program Files\\nodejs\\node.exe" "C:\\Program Files\\nodejs\\node_modules\\npm\\bin\\npm-cli.js" "run" "starter"
8 verbose node v10.16.3
9 verbose npm  v6.9.0
10 error file C:\Users\IT admin\Documents\apps\graphql-playground\package.json
11 error code EJSONPARSE
12 error JSON.parse Failed to parse json
12 error JSON.parse Unexpected string in JSON at position 239 while parsing '{
12 error JSON.parse     "name": "react-try",
12 error JSON.parse     "versio'
13 error JSON.parse Failed to parse package.json data.
13 error JSON.parse package.json must be actual JSON, not just JavaScript.
14 verbose exit [ 1, true ]
